[2023-07-29 00:58:57,710: INFO: main: here is the custom project logging]
[2023-07-29 04:02:23,736: INFO: common: yaml file: config/config.yaml loaded successfully]
[2023-07-29 04:02:23,752: INFO: common: yaml file: params.yaml loaded successfully]
[2023-07-29 04:02:23,755: INFO: common: yaml file: schema.yaml loaded successfully]
[2023-07-29 04:02:23,757: INFO: common: created directory at: artifacts]
[2023-07-29 04:02:23,760: INFO: common: created directory at: artifacts/data_ingestion]
[2023-07-29 04:02:25,149: INFO: 2366278714: artifacts/data_ingestion/data.zip download! with following info: 
Connection: close
Content-Length: 23329
Cache-Control: max-age=300
Content-Security-Policy: default-src 'none'; style-src 'unsafe-inline'; sandbox
Content-Type: application/zip
ETag: "c69888a4ae59bc5a893392785a938ccd4937981c06ba8a9d6a21aa52b4ab5b6e"
Strict-Transport-Security: max-age=31536000
X-Content-Type-Options: nosniff
X-Frame-Options: deny
X-XSS-Protection: 1; mode=block
X-GitHub-Request-Id: FD4A:269963:17B562:210509:64C441F7
Accept-Ranges: bytes
Date: Fri, 28 Jul 2023 22:32:25 GMT
Via: 1.1 varnish
X-Served-By: cache-ccu830043-CCU
X-Cache: MISS
X-Cache-Hits: 0
X-Timer: S1690583545.058861,VS0,VE336
Vary: Authorization,Accept-Encoding,Origin
Access-Control-Allow-Origin: *
Cross-Origin-Resource-Policy: cross-origin
X-Fastly-Request-ID: 2665756878878c64e34b82fa3f5fc999f92bf31d
Expires: Fri, 28 Jul 2023 22:37:25 GMT
Source-Age: 0

]
[2023-07-29 04:13:22,438: INFO: main: >>>>>> stage Data Ingestion stage started <<<<<<]
[2023-07-29 04:13:22,449: INFO: common: yaml file: config/config.yaml loaded successfully]
[2023-07-29 04:13:22,455: INFO: common: yaml file: params.yaml loaded successfully]
[2023-07-29 04:13:22,457: INFO: common: yaml file: schema.yaml loaded successfully]
[2023-07-29 04:13:22,458: INFO: common: created directory at: artifacts]
[2023-07-29 04:13:22,459: INFO: common: created directory at: artifacts/data_ingestion]
[2023-07-29 04:13:23,728: INFO: data_ingestion: artifacts/data_ingestion/data.zip download! with following info: 
Connection: close
Content-Length: 23329
Cache-Control: max-age=300
Content-Security-Policy: default-src 'none'; style-src 'unsafe-inline'; sandbox
Content-Type: application/zip
ETag: "c69888a4ae59bc5a893392785a938ccd4937981c06ba8a9d6a21aa52b4ab5b6e"
Strict-Transport-Security: max-age=31536000
X-Content-Type-Options: nosniff
X-Frame-Options: deny
X-XSS-Protection: 1; mode=block
X-GitHub-Request-Id: FD4A:269963:17B562:210509:64C441F7
Accept-Ranges: bytes
Date: Fri, 28 Jul 2023 22:43:23 GMT
Via: 1.1 varnish
X-Served-By: cache-ccu830047-CCU
X-Cache: HIT
X-Cache-Hits: 1
X-Timer: S1690584204.635566,VS0,VE320
Vary: Authorization,Accept-Encoding,Origin
Access-Control-Allow-Origin: *
Cross-Origin-Resource-Policy: cross-origin
X-Fastly-Request-ID: b25faf1773a9c2a3afd4dc171b03674db1b6de02
Expires: Fri, 28 Jul 2023 22:48:23 GMT
Source-Age: 0

]
[2023-07-29 04:13:23,731: INFO: main: >>>>>> stage Data Ingestion stage completed <<<<<<

x==========x]
[2023-07-29 04:20:11,437: INFO: main: >>>>>> stage Data Ingestion stage started <<<<<<]
[2023-07-29 04:20:11,439: INFO: common: yaml file: config/config.yaml loaded successfully]
[2023-07-29 04:20:11,440: INFO: common: yaml file: params.yaml loaded successfully]
[2023-07-29 04:20:11,441: INFO: common: yaml file: schema.yaml loaded successfully]
[2023-07-29 04:20:11,442: INFO: common: created directory at: artifacts]
[2023-07-29 04:20:11,443: INFO: common: created directory at: artifacts/data_ingestion]
[2023-07-29 04:20:12,543: INFO: data_ingestion: artifacts/data_ingestion/data.zip download! with following info: 
Connection: close
Content-Length: 23329
Cache-Control: max-age=300
Content-Security-Policy: default-src 'none'; style-src 'unsafe-inline'; sandbox
Content-Type: application/zip
ETag: "c69888a4ae59bc5a893392785a938ccd4937981c06ba8a9d6a21aa52b4ab5b6e"
Strict-Transport-Security: max-age=31536000
X-Content-Type-Options: nosniff
X-Frame-Options: deny
X-XSS-Protection: 1; mode=block
X-GitHub-Request-Id: FD4A:269963:17B562:210509:64C441F7
Accept-Ranges: bytes
Date: Fri, 28 Jul 2023 22:50:12 GMT
Via: 1.1 varnish
X-Served-By: cache-ccu830051-CCU
X-Cache: HIT
X-Cache-Hits: 1
X-Timer: S1690584612.458555,VS0,VE328
Vary: Authorization,Accept-Encoding,Origin
Access-Control-Allow-Origin: *
Cross-Origin-Resource-Policy: cross-origin
X-Fastly-Request-ID: 0584661cb4464473e3798fa88e8eacd51dbb89e8
Expires: Fri, 28 Jul 2023 22:55:12 GMT
Source-Age: 0

]
[2023-07-29 04:20:12,547: INFO: main: >>>>>> stage Data Ingestion stage completed <<<<<<

x==========x]
[2023-07-29 04:22:20,012: INFO: main: >>>>>> stage Data Ingestion stage started <<<<<<]
[2023-07-29 04:22:20,017: INFO: common: yaml file: config/config.yaml loaded successfully]
[2023-07-29 04:22:20,019: INFO: common: yaml file: params.yaml loaded successfully]
[2023-07-29 04:22:20,025: INFO: common: yaml file: schema.yaml loaded successfully]
[2023-07-29 04:22:20,029: INFO: common: created directory at: artifacts]
[2023-07-29 04:22:20,032: INFO: common: created directory at: artifacts/data_ingestion]
[2023-07-29 04:22:20,551: INFO: data_ingestion: artifacts/data_ingestion/data.zip download! with following info: 
Connection: close
Content-Length: 23329
Cache-Control: max-age=300
Content-Security-Policy: default-src 'none'; style-src 'unsafe-inline'; sandbox
Content-Type: application/zip
ETag: "c69888a4ae59bc5a893392785a938ccd4937981c06ba8a9d6a21aa52b4ab5b6e"
Strict-Transport-Security: max-age=31536000
X-Content-Type-Options: nosniff
X-Frame-Options: deny
X-XSS-Protection: 1; mode=block
X-GitHub-Request-Id: FD4A:269963:17B562:210509:64C441F7
Accept-Ranges: bytes
Date: Fri, 28 Jul 2023 22:52:20 GMT
Via: 1.1 varnish
X-Served-By: cache-ccu830021-CCU
X-Cache: HIT
X-Cache-Hits: 1
X-Timer: S1690584741.795023,VS0,VE1
Vary: Authorization,Accept-Encoding,Origin
Access-Control-Allow-Origin: *
Cross-Origin-Resource-Policy: cross-origin
X-Fastly-Request-ID: 3791be9ef670ee4ce932428deee04751e9f7b38a
Expires: Fri, 28 Jul 2023 22:57:20 GMT
Source-Age: 128

]
[2023-07-29 04:22:20,555: INFO: main: >>>>>> stage Data Ingestion stage completed <<<<<<

x==========x]
[2023-07-29 04:26:22,609: INFO: main: >>>>>> stage Data Ingestion stage started <<<<<<]
[2023-07-29 04:26:22,611: INFO: common: yaml file: config/config.yaml loaded successfully]
[2023-07-29 04:26:22,613: INFO: common: yaml file: params.yaml loaded successfully]
[2023-07-29 04:26:22,615: INFO: common: yaml file: schema.yaml loaded successfully]
[2023-07-29 04:26:22,616: INFO: common: created directory at: artifacts]
[2023-07-29 04:26:22,616: INFO: common: created directory at: artifacts/data_ingestion]
[2023-07-29 04:26:23,718: INFO: data_ingestion: artifacts/data_ingestion/data.zip download! with following info: 
Connection: close
Content-Length: 23329
Cache-Control: max-age=300
Content-Security-Policy: default-src 'none'; style-src 'unsafe-inline'; sandbox
Content-Type: application/zip
ETag: "c69888a4ae59bc5a893392785a938ccd4937981c06ba8a9d6a21aa52b4ab5b6e"
Strict-Transport-Security: max-age=31536000
X-Content-Type-Options: nosniff
X-Frame-Options: deny
X-XSS-Protection: 1; mode=block
X-GitHub-Request-Id: FD4A:269963:17B562:210509:64C441F7
Accept-Ranges: bytes
Date: Fri, 28 Jul 2023 22:56:23 GMT
Via: 1.1 varnish
X-Served-By: cache-ccu830044-CCU
X-Cache: HIT
X-Cache-Hits: 1
X-Timer: S1690584984.652838,VS0,VE312
Vary: Authorization,Accept-Encoding,Origin
Access-Control-Allow-Origin: *
Cross-Origin-Resource-Policy: cross-origin
X-Fastly-Request-ID: d209086fd247276f5db315deab15325161b6c55b
Expires: Fri, 28 Jul 2023 23:01:23 GMT
Source-Age: 0

]
[2023-07-29 04:26:23,722: INFO: main: >>>>>> stage Data Ingestion stage completed <<<<<<

x==========x]
[2023-07-29 19:08:53,348: INFO: main: >>>>>> stage Data Ingestion stage started <<<<<<]
[2023-07-29 19:08:53,351: INFO: common: yaml file: config/config.yaml loaded successfully]
[2023-07-29 19:08:53,355: INFO: common: yaml file: params.yaml loaded successfully]
[2023-07-29 19:08:53,357: INFO: common: yaml file: schema.yaml loaded successfully]
[2023-07-29 19:08:53,357: INFO: common: created directory at: artifacts]
[2023-07-29 19:08:53,359: INFO: common: created directory at: artifacts/data_ingestion]
[2023-07-29 19:08:54,578: INFO: data_ingestion: artifacts/data_ingestion/data.zip download! with following info: 
Connection: close
Content-Length: 23329
Cache-Control: max-age=300
Content-Security-Policy: default-src 'none'; style-src 'unsafe-inline'; sandbox
Content-Type: application/zip
ETag: "c69888a4ae59bc5a893392785a938ccd4937981c06ba8a9d6a21aa52b4ab5b6e"
Strict-Transport-Security: max-age=31536000
X-Content-Type-Options: nosniff
X-Frame-Options: deny
X-XSS-Protection: 1; mode=block
X-GitHub-Request-Id: FD4A:269963:17B562:210509:64C441F7
Accept-Ranges: bytes
Date: Sat, 29 Jul 2023 13:38:54 GMT
Via: 1.1 varnish
X-Served-By: cache-ccu830044-CCU
X-Cache: HIT
X-Cache-Hits: 1
X-Timer: S1690637934.183832,VS0,VE311
Vary: Authorization,Accept-Encoding,Origin
Access-Control-Allow-Origin: *
Cross-Origin-Resource-Policy: cross-origin
X-Fastly-Request-ID: 95b6aaf24a4352ff5cdc92ca03729fd0c897f12e
Expires: Sat, 29 Jul 2023 13:43:54 GMT
Source-Age: 0

]
[2023-07-29 19:08:54,583: INFO: main: >>>>>> stage Data Ingestion stage completed <<<<<<

x==========x]
[2023-07-29 19:26:20,073: INFO: common: yaml file: config/config.yaml loaded successfully]
[2023-07-29 19:26:20,104: INFO: common: yaml file: params.yaml loaded successfully]
[2023-07-29 19:26:20,112: INFO: common: yaml file: schema.yaml loaded successfully]
[2023-07-29 19:26:20,115: INFO: common: created directory at: artifacts]
[2023-07-29 19:26:20,117: INFO: common: created directory at: artifacts/data_validation]
[2023-07-29 19:27:54,310: INFO: common: yaml file: config/config.yaml loaded successfully]
[2023-07-29 19:27:54,332: INFO: common: yaml file: params.yaml loaded successfully]
[2023-07-29 19:27:54,341: INFO: common: yaml file: schema.yaml loaded successfully]
[2023-07-29 19:27:54,343: INFO: common: created directory at: artifacts]
[2023-07-29 19:27:54,345: INFO: common: created directory at: artifacts/data_validation]
[2023-07-29 19:30:09,367: INFO: common: yaml file: config/config.yaml loaded successfully]
[2023-07-29 19:30:09,375: INFO: common: yaml file: params.yaml loaded successfully]
[2023-07-29 19:30:09,381: INFO: common: yaml file: schema.yaml loaded successfully]
[2023-07-29 19:30:09,385: INFO: common: created directory at: artifacts]
[2023-07-29 19:30:09,388: INFO: common: created directory at: artifacts/data_validation]
[2023-07-29 19:31:01,248: INFO: common: yaml file: config/config.yaml loaded successfully]
[2023-07-29 19:31:01,257: INFO: common: yaml file: params.yaml loaded successfully]
[2023-07-29 19:31:01,278: INFO: common: yaml file: schema.yaml loaded successfully]
[2023-07-29 19:31:01,371: INFO: common: created directory at: artifacts]
[2023-07-29 19:31:01,373: INFO: common: created directory at: artifacts/data_validation]
[2023-07-29 19:31:28,223: INFO: common: yaml file: config/config.yaml loaded successfully]
[2023-07-29 19:31:28,228: INFO: common: yaml file: params.yaml loaded successfully]
[2023-07-29 19:31:28,232: INFO: common: yaml file: schema.yaml loaded successfully]
[2023-07-29 19:31:28,234: INFO: common: created directory at: artifacts]
[2023-07-29 19:31:28,240: INFO: common: created directory at: artifacts/data_validation]
[2023-07-29 19:47:04,410: INFO: main: >>>>>> stage Data Ingestion stage started <<<<<<]
[2023-07-29 19:47:04,413: INFO: common: yaml file: config/config.yaml loaded successfully]
[2023-07-29 19:47:04,415: INFO: common: yaml file: params.yaml loaded successfully]
[2023-07-29 19:47:04,418: INFO: common: yaml file: schema.yaml loaded successfully]
[2023-07-29 19:47:04,419: INFO: common: created directory at: artifacts]
[2023-07-29 19:47:04,419: INFO: common: created directory at: artifacts/data_ingestion]
[2023-07-29 19:47:05,699: INFO: data_ingestion: artifacts/data_ingestion/data.zip download! with following info: 
Connection: close
Content-Length: 23329
Cache-Control: max-age=300
Content-Security-Policy: default-src 'none'; style-src 'unsafe-inline'; sandbox
Content-Type: application/zip
ETag: "c69888a4ae59bc5a893392785a938ccd4937981c06ba8a9d6a21aa52b4ab5b6e"
Strict-Transport-Security: max-age=31536000
X-Content-Type-Options: nosniff
X-Frame-Options: deny
X-XSS-Protection: 1; mode=block
X-GitHub-Request-Id: FD4A:269963:17B562:210509:64C441F7
Accept-Ranges: bytes
Date: Sat, 29 Jul 2023 14:17:05 GMT
Via: 1.1 varnish
X-Served-By: cache-ccu830045-CCU
X-Cache: HIT
X-Cache-Hits: 1
X-Timer: S1690640225.420140,VS0,VE335
Vary: Authorization,Accept-Encoding,Origin
Access-Control-Allow-Origin: *
Cross-Origin-Resource-Policy: cross-origin
X-Fastly-Request-ID: a621c0e045e8d028c094726ef570414dac684a1c
Expires: Sat, 29 Jul 2023 14:22:05 GMT
Source-Age: 0

]
[2023-07-29 19:47:05,709: INFO: main: >>>>>> stage Data Ingestion stage completed <<<<<<

x==========x]
[2023-07-29 19:47:05,709: INFO: main: >>>>>> stage Data Validation stage started <<<<<<]
[2023-07-29 19:47:05,712: INFO: common: yaml file: config/config.yaml loaded successfully]
[2023-07-29 19:47:05,713: INFO: common: yaml file: params.yaml loaded successfully]
[2023-07-29 19:47:05,717: INFO: common: yaml file: schema.yaml loaded successfully]
[2023-07-29 19:47:05,718: INFO: common: created directory at: artifacts]
[2023-07-29 19:47:05,718: INFO: common: created directory at: artifacts/data_ingestion]
[2023-07-29 19:47:05,718: INFO: data_ingestion: File already exists of size: ~ 23 KB]
[2023-07-29 19:47:05,722: INFO: main: >>>>>> stage Data Validation stage completed <<<<<<

x==========x]
[2023-07-29 19:48:54,513: INFO: main: >>>>>> stage Data Ingestion stage started <<<<<<]
[2023-07-29 19:48:54,515: INFO: common: yaml file: config/config.yaml loaded successfully]
[2023-07-29 19:48:54,517: INFO: common: yaml file: params.yaml loaded successfully]
[2023-07-29 19:48:54,519: INFO: common: yaml file: schema.yaml loaded successfully]
[2023-07-29 19:48:54,519: INFO: common: created directory at: artifacts]
[2023-07-29 19:48:54,520: INFO: common: created directory at: artifacts/data_ingestion]
[2023-07-29 19:48:55,286: INFO: data_ingestion: artifacts/data_ingestion/data.zip download! with following info: 
Connection: close
Content-Length: 23329
Cache-Control: max-age=300
Content-Security-Policy: default-src 'none'; style-src 'unsafe-inline'; sandbox
Content-Type: application/zip
ETag: "c69888a4ae59bc5a893392785a938ccd4937981c06ba8a9d6a21aa52b4ab5b6e"
Strict-Transport-Security: max-age=31536000
X-Content-Type-Options: nosniff
X-Frame-Options: deny
X-XSS-Protection: 1; mode=block
X-GitHub-Request-Id: FD4A:269963:17B562:210509:64C441F7
Accept-Ranges: bytes
Date: Sat, 29 Jul 2023 14:18:55 GMT
Via: 1.1 varnish
X-Served-By: cache-ccu830043-CCU
X-Cache: HIT
X-Cache-Hits: 1
X-Timer: S1690640335.339285,VS0,VE1
Vary: Authorization,Accept-Encoding,Origin
Access-Control-Allow-Origin: *
Cross-Origin-Resource-Policy: cross-origin
X-Fastly-Request-ID: 35c3064533c88cba7678acd6e8c310444b6f7764
Expires: Sat, 29 Jul 2023 14:23:55 GMT
Source-Age: 110

]
[2023-07-29 19:48:55,291: INFO: main: >>>>>> stage Data Ingestion stage completed <<<<<<

x==========x]
[2023-07-29 19:48:55,291: INFO: main: >>>>>> stage Data Validation stage started <<<<<<]
[2023-07-29 19:48:55,292: INFO: common: yaml file: config/config.yaml loaded successfully]
[2023-07-29 19:48:55,293: INFO: common: yaml file: params.yaml loaded successfully]
[2023-07-29 19:48:55,296: INFO: common: yaml file: schema.yaml loaded successfully]
[2023-07-29 19:48:55,296: INFO: common: created directory at: artifacts]
[2023-07-29 19:48:55,296: INFO: common: created directory at: artifacts/data_validation]
[2023-07-29 19:48:55,309: INFO: main: >>>>>> stage Data Validation stage completed <<<<<<

x==========x]
[2023-07-29 19:49:57,406: INFO: main: >>>>>> stage Data Ingestion stage started <<<<<<]
[2023-07-29 19:49:57,409: INFO: common: yaml file: config/config.yaml loaded successfully]
[2023-07-29 19:49:57,410: INFO: common: yaml file: params.yaml loaded successfully]
[2023-07-29 19:49:57,413: INFO: common: yaml file: schema.yaml loaded successfully]
[2023-07-29 19:49:57,413: INFO: common: created directory at: artifacts]
[2023-07-29 19:49:57,414: INFO: common: created directory at: artifacts/data_ingestion]
[2023-07-29 19:49:58,090: INFO: data_ingestion: artifacts/data_ingestion/data.zip download! with following info: 
Connection: close
Content-Length: 23329
Cache-Control: max-age=300
Content-Security-Policy: default-src 'none'; style-src 'unsafe-inline'; sandbox
Content-Type: application/zip
ETag: "c69888a4ae59bc5a893392785a938ccd4937981c06ba8a9d6a21aa52b4ab5b6e"
Strict-Transport-Security: max-age=31536000
X-Content-Type-Options: nosniff
X-Frame-Options: deny
X-XSS-Protection: 1; mode=block
X-GitHub-Request-Id: FD4A:269963:17B562:210509:64C441F7
Accept-Ranges: bytes
Date: Sat, 29 Jul 2023 14:19:58 GMT
Via: 1.1 varnish
X-Served-By: cache-ccu830027-CCU
X-Cache: HIT
X-Cache-Hits: 1
X-Timer: S1690640398.141308,VS0,VE1
Vary: Authorization,Accept-Encoding,Origin
Access-Control-Allow-Origin: *
Cross-Origin-Resource-Policy: cross-origin
X-Fastly-Request-ID: 01d6f385f060fad8f8b63ff00f96854d37945624
Expires: Sat, 29 Jul 2023 14:24:58 GMT
Source-Age: 172

]
[2023-07-29 19:49:58,093: INFO: main: >>>>>> stage Data Ingestion stage completed <<<<<<

x==========x]
[2023-07-29 19:49:58,094: INFO: main: >>>>>> stage Data Validation stage started <<<<<<]
[2023-07-29 19:49:58,097: INFO: common: yaml file: config/config.yaml loaded successfully]
[2023-07-29 19:49:58,098: INFO: common: yaml file: params.yaml loaded successfully]
[2023-07-29 19:49:58,102: INFO: common: yaml file: schema.yaml loaded successfully]
[2023-07-29 19:49:58,103: INFO: common: created directory at: artifacts]
[2023-07-29 19:49:58,103: INFO: common: created directory at: artifacts/data_validation]
[2023-07-29 19:49:58,117: INFO: main: >>>>>> stage Data Validation stage completed <<<<<<

x==========x]
[2023-07-30 01:06:58,064: INFO: common: yaml file: config/config.yaml loaded successfully]
[2023-07-30 01:06:58,075: INFO: common: yaml file: params.yaml loaded successfully]
[2023-07-30 01:06:58,081: INFO: common: yaml file: schema.yaml loaded successfully]
[2023-07-30 01:06:58,087: INFO: common: created directory at: artifacts]
[2023-07-30 01:06:58,090: INFO: common: created directory at: artifacts/data_validation]
[2023-07-30 01:06:58,136: INFO: 741865018: Splited data into training and test sets]
[2023-07-30 01:06:58,137: INFO: 741865018: (1199, 12)]
[2023-07-30 01:06:58,139: INFO: 741865018: (400, 12)]
[2023-07-30 01:07:55,367: INFO: common: yaml file: config/config.yaml loaded successfully]
[2023-07-30 01:07:55,374: INFO: common: yaml file: params.yaml loaded successfully]
[2023-07-30 01:07:55,378: INFO: common: yaml file: schema.yaml loaded successfully]
[2023-07-30 01:07:55,380: INFO: common: created directory at: artifacts]
[2023-07-30 01:07:55,388: INFO: common: created directory at: artifacts/data_validation]
[2023-07-30 01:08:14,054: INFO: common: yaml file: config/config.yaml loaded successfully]
[2023-07-30 01:08:14,059: INFO: common: yaml file: params.yaml loaded successfully]
[2023-07-30 01:08:14,064: INFO: common: yaml file: schema.yaml loaded successfully]
[2023-07-30 01:08:14,067: INFO: common: created directory at: artifacts]
[2023-07-30 01:08:14,073: INFO: common: created directory at: artifacts/data_validation]
[2023-07-30 01:09:02,680: INFO: common: yaml file: config/config.yaml loaded successfully]
[2023-07-30 01:09:02,684: INFO: common: yaml file: params.yaml loaded successfully]
[2023-07-30 01:09:02,690: INFO: common: yaml file: schema.yaml loaded successfully]
[2023-07-30 01:09:02,693: INFO: common: created directory at: artifacts]
[2023-07-30 01:09:02,695: INFO: common: created directory at: artifacts/data_trasnformation]
[2023-07-30 01:09:02,758: INFO: 741865018: Splited data into training and test sets]
[2023-07-30 01:09:02,779: INFO: 741865018: (1199, 12)]
[2023-07-30 01:09:02,780: INFO: 741865018: (400, 12)]
[2023-07-30 01:20:42,097: INFO: main: >>>>>> stage Data Ingestion stage started <<<<<<]
[2023-07-30 01:20:42,100: INFO: common: yaml file: config/config.yaml loaded successfully]
[2023-07-30 01:20:42,101: INFO: common: yaml file: params.yaml loaded successfully]
[2023-07-30 01:20:42,104: INFO: common: yaml file: schema.yaml loaded successfully]
[2023-07-30 01:20:42,105: INFO: common: created directory at: artifacts]
[2023-07-30 01:20:42,105: INFO: common: created directory at: artifacts/data_ingestion]
[2023-07-30 01:20:43,574: INFO: data_ingestion: artifacts/data_ingestion/data.zip download! with following info: 
Connection: close
Content-Length: 23329
Cache-Control: max-age=300
Content-Security-Policy: default-src 'none'; style-src 'unsafe-inline'; sandbox
Content-Type: application/zip
ETag: "c69888a4ae59bc5a893392785a938ccd4937981c06ba8a9d6a21aa52b4ab5b6e"
Strict-Transport-Security: max-age=31536000
X-Content-Type-Options: nosniff
X-Frame-Options: deny
X-XSS-Protection: 1; mode=block
X-GitHub-Request-Id: FD4A:269963:17B562:210509:64C441F7
Accept-Ranges: bytes
Date: Sat, 29 Jul 2023 19:50:43 GMT
Via: 1.1 varnish
X-Served-By: cache-ccu830043-CCU
X-Cache: HIT
X-Cache-Hits: 1
X-Timer: S1690660243.037148,VS0,VE607
Vary: Authorization,Accept-Encoding,Origin
Access-Control-Allow-Origin: *
Cross-Origin-Resource-Policy: cross-origin
X-Fastly-Request-ID: b7b6cb27344b417719ca19cbd7de05fa2e692048
Expires: Sat, 29 Jul 2023 19:55:43 GMT
Source-Age: 0

]
[2023-07-30 01:20:43,582: INFO: main: >>>>>> stage Data Ingestion stage completed <<<<<<

x==========x]
[2023-07-30 01:20:43,582: INFO: main: >>>>>> stage Data Validation stage started <<<<<<]
[2023-07-30 01:20:43,586: INFO: common: yaml file: config/config.yaml loaded successfully]
[2023-07-30 01:20:43,587: INFO: common: yaml file: params.yaml loaded successfully]
[2023-07-30 01:20:43,594: INFO: common: yaml file: schema.yaml loaded successfully]
[2023-07-30 01:20:43,595: INFO: common: created directory at: artifacts]
[2023-07-30 01:20:43,596: INFO: common: created directory at: artifacts/data_validation]
[2023-07-30 01:20:43,615: INFO: main: >>>>>> stage Data Validation stage completed <<<<<<

x==========x]
[2023-07-30 01:20:43,616: INFO: main: >>>>>> stage Data Transformation stage started <<<<<<]
[2023-07-30 01:20:43,632: INFO: common: yaml file: config/config.yaml loaded successfully]
[2023-07-30 01:20:43,633: INFO: common: yaml file: params.yaml loaded successfully]
[2023-07-30 01:20:43,637: INFO: common: yaml file: schema.yaml loaded successfully]
[2023-07-30 01:20:43,638: INFO: common: created directory at: artifacts]
[2023-07-30 01:20:43,638: INFO: common: created directory at: artifacts/data_trasnformation]
[2023-07-30 01:20:43,678: INFO: data_transforamtion: Splited data into training and test sets]
[2023-07-30 01:20:43,679: INFO: data_transforamtion: (1199, 12)]
[2023-07-30 01:20:43,679: INFO: data_transforamtion: (400, 12)]
[2023-07-30 01:20:43,679: INFO: main: >>>>>> stage Data Transformation stage completed <<<<<<

x==========x]
[2023-07-30 01:34:15,524: INFO: main: >>>>>> stage Data Ingestion stage started <<<<<<]
[2023-07-30 01:34:15,526: INFO: common: yaml file: config/config.yaml loaded successfully]
[2023-07-30 01:34:15,527: INFO: common: yaml file: params.yaml loaded successfully]
[2023-07-30 01:34:15,528: INFO: common: yaml file: schema.yaml loaded successfully]
[2023-07-30 01:34:15,529: INFO: common: created directory at: artifacts]
[2023-07-30 01:34:15,529: INFO: common: created directory at: artifacts/data_ingestion]
[2023-07-30 01:34:16,622: INFO: data_ingestion: artifacts/data_ingestion/data.zip download! with following info: 
Connection: close
Content-Length: 23329
Cache-Control: max-age=300
Content-Security-Policy: default-src 'none'; style-src 'unsafe-inline'; sandbox
Content-Type: application/zip
ETag: "c69888a4ae59bc5a893392785a938ccd4937981c06ba8a9d6a21aa52b4ab5b6e"
Strict-Transport-Security: max-age=31536000
X-Content-Type-Options: nosniff
X-Frame-Options: deny
X-XSS-Protection: 1; mode=block
X-GitHub-Request-Id: FD4A:269963:17B562:210509:64C441F7
Accept-Ranges: bytes
Date: Sat, 29 Jul 2023 20:04:16 GMT
Via: 1.1 varnish
X-Served-By: cache-ccu830024-CCU
X-Cache: HIT
X-Cache-Hits: 1
X-Timer: S1690661056.440183,VS0,VE341
Vary: Authorization,Accept-Encoding,Origin
Access-Control-Allow-Origin: *
Cross-Origin-Resource-Policy: cross-origin
X-Fastly-Request-ID: 29d403dbeff4062b377a42e0805f9d7a24da818e
Expires: Sat, 29 Jul 2023 20:09:16 GMT
Source-Age: 0

]
[2023-07-30 01:34:16,625: INFO: main: >>>>>> stage Data Ingestion stage completed <<<<<<

x==========x]
[2023-07-30 01:34:16,625: INFO: main: >>>>>> stage Data Validation stage started <<<<<<]
[2023-07-30 01:34:16,628: INFO: common: yaml file: config/config.yaml loaded successfully]
[2023-07-30 01:34:16,630: INFO: common: yaml file: params.yaml loaded successfully]
[2023-07-30 01:34:16,635: INFO: common: yaml file: schema.yaml loaded successfully]
[2023-07-30 01:34:16,636: INFO: common: created directory at: artifacts]
[2023-07-30 01:34:16,636: INFO: common: created directory at: artifacts/data_validation]
[2023-07-30 01:34:16,648: INFO: main: >>>>>> stage Data Validation stage completed <<<<<<

x==========x]
[2023-07-30 01:34:16,649: INFO: main: >>>>>> stage Data Transformation stage started <<<<<<]
[2023-07-30 01:34:16,652: INFO: common: yaml file: config/config.yaml loaded successfully]
[2023-07-30 01:34:16,653: INFO: common: yaml file: params.yaml loaded successfully]
[2023-07-30 01:34:16,656: INFO: common: yaml file: schema.yaml loaded successfully]
[2023-07-30 01:34:16,657: INFO: common: created directory at: artifacts]
[2023-07-30 01:34:16,657: INFO: common: created directory at: artifacts/data_trasnformation]
[2023-07-30 01:34:16,690: INFO: data_transformation: Splited data into training and test sets]
[2023-07-30 01:34:16,690: INFO: data_transformation: (1199, 12)]
[2023-07-30 01:34:16,690: INFO: data_transformation: (400, 12)]
[2023-07-30 01:34:16,690: INFO: main: >>>>>> stage Data Transformation stage completed <<<<<<

x==========x]
[2023-07-30 17:23:46,120: INFO: common: yaml file: config/config.yaml loaded successfully]
[2023-07-30 17:23:46,129: INFO: common: yaml file: params.yaml loaded successfully]
[2023-07-30 17:23:46,169: INFO: common: yaml file: schema.yaml loaded successfully]
[2023-07-30 17:23:46,238: INFO: common: created directory at: artifacts]
[2023-07-30 17:23:46,241: INFO: common: created directory at: artifacts/model_trainer]
[2023-07-30 17:24:28,690: INFO: common: yaml file: config/config.yaml loaded successfully]
[2023-07-30 17:24:28,694: INFO: common: yaml file: params.yaml loaded successfully]
[2023-07-30 17:24:28,700: INFO: common: yaml file: schema.yaml loaded successfully]
[2023-07-30 17:24:28,702: INFO: common: created directory at: artifacts]
[2023-07-30 17:24:28,704: INFO: common: created directory at: artifacts/model_trainer]
[2023-07-30 17:50:12,504: INFO: main: >>>>>> stage Data Ingestion stage started <<<<<<]
[2023-07-30 17:50:12,508: INFO: common: yaml file: config/config.yaml loaded successfully]
[2023-07-30 17:50:12,509: INFO: common: yaml file: params.yaml loaded successfully]
[2023-07-30 17:50:12,513: INFO: common: yaml file: schema.yaml loaded successfully]
[2023-07-30 17:50:12,513: INFO: common: created directory at: artifacts]
[2023-07-30 17:50:12,514: INFO: common: created directory at: artifacts/data_ingestion]
[2023-07-30 17:50:13,751: INFO: data_ingestion: artifacts/data_ingestion/data.zip download! with following info: 
Connection: close
Content-Length: 23329
Cache-Control: max-age=300
Content-Security-Policy: default-src 'none'; style-src 'unsafe-inline'; sandbox
Content-Type: application/zip
ETag: "c69888a4ae59bc5a893392785a938ccd4937981c06ba8a9d6a21aa52b4ab5b6e"
Strict-Transport-Security: max-age=31536000
X-Content-Type-Options: nosniff
X-Frame-Options: deny
X-XSS-Protection: 1; mode=block
X-GitHub-Request-Id: FD4A:269963:17B562:210509:64C441F7
Accept-Ranges: bytes
Date: Sun, 30 Jul 2023 12:20:13 GMT
Via: 1.1 varnish
X-Served-By: cache-ccu830047-CCU
X-Cache: HIT
X-Cache-Hits: 1
X-Timer: S1690719613.440672,VS0,VE368
Vary: Authorization,Accept-Encoding,Origin
Access-Control-Allow-Origin: *
Cross-Origin-Resource-Policy: cross-origin
X-Fastly-Request-ID: 72b00399d54d45247c527f9e17b7f30a9ae5ddac
Expires: Sun, 30 Jul 2023 12:25:13 GMT
Source-Age: 0

]
[2023-07-30 17:50:13,755: INFO: main: >>>>>> stage Data Ingestion stage completed <<<<<<

x==========x]
[2023-07-30 17:50:13,755: INFO: main: >>>>>> stage Data Validation stage started <<<<<<]
[2023-07-30 17:50:13,758: INFO: common: yaml file: config/config.yaml loaded successfully]
[2023-07-30 17:50:13,759: INFO: common: yaml file: params.yaml loaded successfully]
[2023-07-30 17:50:13,762: INFO: common: yaml file: schema.yaml loaded successfully]
[2023-07-30 17:50:13,763: INFO: common: created directory at: artifacts]
[2023-07-30 17:50:13,764: INFO: common: created directory at: artifacts/data_validation]
[2023-07-30 17:50:13,776: INFO: main: >>>>>> stage Data Validation stage completed <<<<<<

x==========x]
[2023-07-30 17:50:13,776: INFO: main: >>>>>> stage Data Transformation stage started <<<<<<]
[2023-07-30 17:50:13,781: INFO: common: yaml file: config/config.yaml loaded successfully]
[2023-07-30 17:50:13,782: INFO: common: yaml file: params.yaml loaded successfully]
[2023-07-30 17:50:13,785: INFO: common: yaml file: schema.yaml loaded successfully]
[2023-07-30 17:50:13,786: INFO: common: created directory at: artifacts]
[2023-07-30 17:50:13,786: INFO: common: created directory at: artifacts/data_trasnformation]
[2023-07-30 17:50:13,818: INFO: data_transformation: Splited data into training and test sets]
[2023-07-30 17:50:13,818: INFO: data_transformation: (1199, 12)]
[2023-07-30 17:50:13,818: INFO: data_transformation: (400, 12)]
[2023-07-30 17:50:13,819: INFO: main: >>>>>> stage Data Transformation stage completed <<<<<<

x==========x]
[2023-07-30 17:50:13,819: INFO: main: >>>>>> stage Model Trainer stage started <<<<<<]
[2023-07-30 17:50:13,821: INFO: common: yaml file: config/config.yaml loaded successfully]
[2023-07-30 17:50:13,822: INFO: common: yaml file: params.yaml loaded successfully]
[2023-07-30 17:50:13,824: INFO: common: yaml file: schema.yaml loaded successfully]
[2023-07-30 17:50:13,824: INFO: common: created directory at: artifacts]
[2023-07-30 17:50:13,824: INFO: common: created directory at: artifacts/model_trainer]
[2023-07-30 17:50:13,840: INFO: main: >>>>>> stage Model Trainer stage completed <<<<<<

x==========x]
[2023-07-30 23:13:41,838: INFO: main: >>>>>> stage Data Ingestion stage started <<<<<<]
[2023-07-30 23:13:41,846: INFO: common: yaml file: config/config.yaml loaded successfully]
[2023-07-30 23:13:41,847: INFO: common: yaml file: params.yaml loaded successfully]
[2023-07-30 23:13:41,849: INFO: common: yaml file: schema.yaml loaded successfully]
[2023-07-30 23:13:41,851: INFO: common: created directory at: artifacts]
[2023-07-30 23:13:41,851: ERROR: main: 'ConfigurationManager' object has no attribute 'get_data_ingestion_config']
Traceback (most recent call last):
  File "/Users/gurdeepsl/Personal/ineuron/GIT/ML-Data-PIPELINE-MAIN/main.py", line 13, in <module>
    obj.main()
  File "/Users/gurdeepsl/Personal/ineuron/GIT/ML-Data-PIPELINE-MAIN/src/mlproject/pipeline/stage_01_data_ingestion.py", line 15, in main
    data_ingestion_config = config.get_data_ingestion_config()
AttributeError: 'ConfigurationManager' object has no attribute 'get_data_ingestion_config'
[2023-07-30 23:20:49,879: INFO: main: >>>>>> stage Data Ingestion stage started <<<<<<]
[2023-07-30 23:20:49,884: INFO: common: yaml file: config/config.yaml loaded successfully]
[2023-07-30 23:20:49,885: INFO: common: yaml file: params.yaml loaded successfully]
[2023-07-30 23:20:49,887: INFO: common: yaml file: schema.yaml loaded successfully]
[2023-07-30 23:20:49,887: INFO: common: created directory at: artifacts]
[2023-07-30 23:20:49,888: INFO: common: created directory at: artifacts/data_ingestion]
[2023-07-30 23:20:50,944: INFO: data_ingestion: artifacts/data_ingestion/data.zip download! with following info: 
Connection: close
Content-Length: 23329
Cache-Control: max-age=300
Content-Security-Policy: default-src 'none'; style-src 'unsafe-inline'; sandbox
Content-Type: application/zip
ETag: "c69888a4ae59bc5a893392785a938ccd4937981c06ba8a9d6a21aa52b4ab5b6e"
Strict-Transport-Security: max-age=31536000
X-Content-Type-Options: nosniff
X-Frame-Options: deny
X-XSS-Protection: 1; mode=block
X-GitHub-Request-Id: FD4A:269963:17B562:210509:64C441F7
Accept-Ranges: bytes
Date: Sun, 30 Jul 2023 17:50:51 GMT
Via: 1.1 varnish
X-Served-By: cache-ccu830034-CCU
X-Cache: HIT
X-Cache-Hits: 1
X-Timer: S1690739451.062641,VS0,VE335
Vary: Authorization,Accept-Encoding,Origin
Access-Control-Allow-Origin: *
Cross-Origin-Resource-Policy: cross-origin
X-Fastly-Request-ID: 32f8430d6d89669a9fd64bf9357e6138976d482e
Expires: Sun, 30 Jul 2023 17:55:51 GMT
Source-Age: 0

]
[2023-07-30 23:20:50,947: INFO: main: >>>>>> stage Data Ingestion stage completed <<<<<<

x==========x]
[2023-07-30 23:20:50,947: INFO: main: >>>>>> stage Data Validation stage started <<<<<<]
[2023-07-30 23:20:50,952: INFO: common: yaml file: config/config.yaml loaded successfully]
[2023-07-30 23:20:50,954: INFO: common: yaml file: params.yaml loaded successfully]
[2023-07-30 23:20:50,957: INFO: common: yaml file: schema.yaml loaded successfully]
[2023-07-30 23:20:50,957: INFO: common: created directory at: artifacts]
[2023-07-30 23:20:50,958: INFO: common: created directory at: artifacts/data_validation]
[2023-07-30 23:20:50,973: INFO: main: >>>>>> stage Data Validation stage completed <<<<<<

x==========x]
[2023-07-30 23:20:50,973: INFO: main: >>>>>> stage Data Transformation stage started <<<<<<]
[2023-07-30 23:20:50,982: INFO: common: yaml file: config/config.yaml loaded successfully]
[2023-07-30 23:20:50,984: INFO: common: yaml file: params.yaml loaded successfully]
[2023-07-30 23:20:50,988: INFO: common: yaml file: schema.yaml loaded successfully]
[2023-07-30 23:20:50,989: INFO: common: created directory at: artifacts]
[2023-07-30 23:20:50,989: INFO: common: created directory at: artifacts/data_trasnformation]
[2023-07-30 23:20:51,027: INFO: data_transformation: Splited data into training and test sets]
[2023-07-30 23:20:51,027: INFO: data_transformation: (1199, 12)]
[2023-07-30 23:20:51,027: INFO: data_transformation: (400, 12)]
[2023-07-30 23:20:51,028: INFO: main: >>>>>> stage Data Transformation stage completed <<<<<<

x==========x]
[2023-07-30 23:20:51,028: INFO: main: >>>>>> stage Model Trainer stage started <<<<<<]
[2023-07-30 23:20:51,033: INFO: common: yaml file: config/config.yaml loaded successfully]
[2023-07-30 23:20:51,034: INFO: common: yaml file: params.yaml loaded successfully]
[2023-07-30 23:20:51,038: INFO: common: yaml file: schema.yaml loaded successfully]
[2023-07-30 23:20:51,039: INFO: common: created directory at: artifacts]
[2023-07-30 23:20:51,039: INFO: common: created directory at: artifacts/model_trainer]
[2023-07-30 23:20:51,059: INFO: main: >>>>>> stage Model Trainer stage completed <<<<<<

x==========x]
[2023-07-30 23:20:51,060: INFO: main: >>>>>> stage Model Evaluation stage started <<<<<<]
[2023-07-30 23:20:51,064: INFO: common: yaml file: config/config.yaml loaded successfully]
[2023-07-30 23:20:51,065: INFO: common: yaml file: params.yaml loaded successfully]
[2023-07-30 23:20:51,069: INFO: common: yaml file: schema.yaml loaded successfully]
[2023-07-30 23:20:51,070: INFO: common: created directory at: artifacts]
[2023-07-30 23:20:51,071: INFO: common: created directory at: artifacts/model_evaluation]
[2023-07-30 23:20:51,909: INFO: common: json file saved at: artifacts/model_evaluation/metrics.json]
[2023-07-30 23:21:04,494: INFO: main: >>>>>> stage Model Evaluation stage completed <<<<<<

x==========x]
[2023-07-30 23:22:21,453: INFO: main: >>>>>> stage Data Ingestion stage started <<<<<<]
[2023-07-30 23:22:21,458: INFO: common: yaml file: config/config.yaml loaded successfully]
[2023-07-30 23:22:21,459: INFO: common: yaml file: params.yaml loaded successfully]
[2023-07-30 23:22:21,462: INFO: common: yaml file: schema.yaml loaded successfully]
[2023-07-30 23:22:21,463: INFO: common: created directory at: artifacts]
[2023-07-30 23:22:21,463: INFO: common: created directory at: artifacts/data_ingestion]
[2023-07-30 23:22:21,463: INFO: data_ingestion: File already exists of size: ~ 23 KB]
[2023-07-30 23:22:21,467: INFO: main: >>>>>> stage Data Ingestion stage completed <<<<<<

x==========x]
[2023-07-30 23:22:21,467: INFO: main: >>>>>> stage Data Validation stage started <<<<<<]
[2023-07-30 23:22:21,472: INFO: common: yaml file: config/config.yaml loaded successfully]
[2023-07-30 23:22:21,473: INFO: common: yaml file: params.yaml loaded successfully]
[2023-07-30 23:22:21,475: INFO: common: yaml file: schema.yaml loaded successfully]
[2023-07-30 23:22:21,475: INFO: common: created directory at: artifacts]
[2023-07-30 23:22:21,475: INFO: common: created directory at: artifacts/data_validation]
[2023-07-30 23:22:21,487: INFO: main: >>>>>> stage Data Validation stage completed <<<<<<

x==========x]
[2023-07-30 23:22:21,488: INFO: main: >>>>>> stage Data Transformation stage started <<<<<<]
[2023-07-30 23:22:21,492: INFO: common: yaml file: config/config.yaml loaded successfully]
[2023-07-30 23:22:21,493: INFO: common: yaml file: params.yaml loaded successfully]
[2023-07-30 23:22:21,496: INFO: common: yaml file: schema.yaml loaded successfully]
[2023-07-30 23:22:21,496: INFO: common: created directory at: artifacts]
[2023-07-30 23:22:21,497: INFO: common: created directory at: artifacts/data_trasnformation]
[2023-07-30 23:22:21,521: INFO: data_transformation: Splited data into training and test sets]
[2023-07-30 23:22:21,522: INFO: data_transformation: (1199, 12)]
[2023-07-30 23:22:21,522: INFO: data_transformation: (400, 12)]
[2023-07-30 23:22:21,522: INFO: main: >>>>>> stage Data Transformation stage completed <<<<<<

x==========x]
[2023-07-30 23:22:21,522: INFO: main: >>>>>> stage Model Trainer stage started <<<<<<]
[2023-07-30 23:22:21,525: INFO: common: yaml file: config/config.yaml loaded successfully]
[2023-07-30 23:22:21,525: INFO: common: yaml file: params.yaml loaded successfully]
[2023-07-30 23:22:21,527: INFO: common: yaml file: schema.yaml loaded successfully]
[2023-07-30 23:22:21,528: INFO: common: created directory at: artifacts]
[2023-07-30 23:22:21,528: INFO: common: created directory at: artifacts/model_trainer]
[2023-07-30 23:22:21,545: INFO: main: >>>>>> stage Model Trainer stage completed <<<<<<

x==========x]
[2023-07-30 23:22:21,545: INFO: main: >>>>>> stage Model Evaluation stage started <<<<<<]
[2023-07-30 23:22:21,549: INFO: common: yaml file: config/config.yaml loaded successfully]
[2023-07-30 23:22:21,550: INFO: common: yaml file: params.yaml loaded successfully]
[2023-07-30 23:22:21,553: INFO: common: yaml file: schema.yaml loaded successfully]
[2023-07-30 23:22:21,553: INFO: common: created directory at: artifacts]
[2023-07-30 23:22:21,553: INFO: common: created directory at: artifacts/model_evaluation]
[2023-07-30 23:22:22,327: INFO: common: json file saved at: artifacts/model_evaluation/metrics.json]
[2023-07-30 23:22:32,545: INFO: main: >>>>>> stage Model Evaluation stage completed <<<<<<

x==========x]
[2023-07-30 23:22:48,624: INFO: main: >>>>>> stage Data Ingestion stage started <<<<<<]
[2023-07-30 23:22:48,628: INFO: common: yaml file: config/config.yaml loaded successfully]
[2023-07-30 23:22:48,629: INFO: common: yaml file: params.yaml loaded successfully]
[2023-07-30 23:22:48,633: INFO: common: yaml file: schema.yaml loaded successfully]
[2023-07-30 23:22:48,633: INFO: common: created directory at: artifacts]
[2023-07-30 23:22:48,634: INFO: common: created directory at: artifacts/data_ingestion]
[2023-07-30 23:22:48,634: INFO: data_ingestion: File already exists of size: ~ 23 KB]
[2023-07-30 23:22:48,639: INFO: main: >>>>>> stage Data Ingestion stage completed <<<<<<

x==========x]
[2023-07-30 23:22:48,639: INFO: main: >>>>>> stage Data Validation stage started <<<<<<]
[2023-07-30 23:22:48,643: INFO: common: yaml file: config/config.yaml loaded successfully]
[2023-07-30 23:22:48,644: INFO: common: yaml file: params.yaml loaded successfully]
[2023-07-30 23:22:48,647: INFO: common: yaml file: schema.yaml loaded successfully]
[2023-07-30 23:22:48,647: INFO: common: created directory at: artifacts]
[2023-07-30 23:22:48,648: INFO: common: created directory at: artifacts/data_validation]
[2023-07-30 23:22:48,661: INFO: main: >>>>>> stage Data Validation stage completed <<<<<<

x==========x]
[2023-07-30 23:22:48,661: INFO: main: >>>>>> stage Data Transformation stage started <<<<<<]
[2023-07-30 23:22:48,666: INFO: common: yaml file: config/config.yaml loaded successfully]
[2023-07-30 23:22:48,667: INFO: common: yaml file: params.yaml loaded successfully]
[2023-07-30 23:22:48,670: INFO: common: yaml file: schema.yaml loaded successfully]
[2023-07-30 23:22:48,671: INFO: common: created directory at: artifacts]
[2023-07-30 23:22:48,672: INFO: common: created directory at: artifacts/data_trasnformation]
[2023-07-30 23:22:48,701: INFO: data_transformation: Splited data into training and test sets]
[2023-07-30 23:22:48,702: INFO: data_transformation: (1199, 12)]
[2023-07-30 23:22:48,702: INFO: data_transformation: (400, 12)]
[2023-07-30 23:22:48,702: INFO: main: >>>>>> stage Data Transformation stage completed <<<<<<

x==========x]
[2023-07-30 23:22:48,703: INFO: main: >>>>>> stage Model Trainer stage started <<<<<<]
[2023-07-30 23:22:48,707: INFO: common: yaml file: config/config.yaml loaded successfully]
[2023-07-30 23:22:48,708: INFO: common: yaml file: params.yaml loaded successfully]
[2023-07-30 23:22:48,711: INFO: common: yaml file: schema.yaml loaded successfully]
[2023-07-30 23:22:48,712: INFO: common: created directory at: artifacts]
[2023-07-30 23:22:48,712: INFO: common: created directory at: artifacts/model_trainer]
[2023-07-30 23:22:48,732: INFO: main: >>>>>> stage Model Trainer stage completed <<<<<<

x==========x]
[2023-07-30 23:22:48,732: INFO: main: >>>>>> stage Model Evaluation stage started <<<<<<]
[2023-07-30 23:22:48,737: INFO: common: yaml file: config/config.yaml loaded successfully]
[2023-07-30 23:22:48,739: INFO: common: yaml file: params.yaml loaded successfully]
[2023-07-30 23:22:48,742: INFO: common: yaml file: schema.yaml loaded successfully]
[2023-07-30 23:22:48,743: INFO: common: created directory at: artifacts]
[2023-07-30 23:22:48,743: INFO: common: created directory at: artifacts/model_evaluation]
[2023-07-30 23:22:49,455: INFO: common: json file saved at: artifacts/model_evaluation/metrics.json]
[2023-07-30 23:22:59,112: INFO: main: >>>>>> stage Model Evaluation stage completed <<<<<<

x==========x]
